<?xml version="1.0" encoding="UTF-8"?>
<!-- Generated by org.testng.reporters.JUnitReportReporter -->
<testsuite hostname="Abilashs-MacBook-Pro.local" failures="0" tests="1" name="testCaseBestBuy.TC_01_navgatingToBestBestApp" time="12.773" errors="0" timestamp="2025-08-29T11:35:15 IST" skipped="0">
  <testcase classname="testCaseBestBuy.TC_01_navgatingToBestBestApp" name="tc_01_navgatingToBestBestApp" time="12.773"/>
</testsuite> <!-- testCaseBestBuy.TC_01_navgatingToBestBestApp -->
