<?xml version="1.0" encoding="UTF-8"?>
<!-- Generated by org.testng.reporters.JUnitReportReporter -->
<testsuite hostname="Abilashs-MacBook-Pro.local" failures="0" tests="1" name="testCaseBestBuy.TC_02_ValidateUrlIsNotBroken" time="27.348" errors="0" timestamp="2025-08-29T14:53:12 IST" skipped="0">
  <testcase classname="testCaseBestBuy.TC_02_ValidateUrlIsNotBroken" name="tc_02_validateUrlIsNotBroken" time="27.348"/>
</testsuite> <!-- testCaseBestBuy.TC_02_ValidateUrlIsNotBroken -->
